<?xml version='1.0' encoding='UTF-8'?>
<testsuite hostname="DESKTOP-QMSJJTS" name="LanguageTest" tests="56" errors="0" failures="0" skipped="0" time="0.188" timestamp="2024-02-11T23:38:17">
          <properties>
[...]
</properties>
          <testcase classname="LanguageTest" name="My first language for set theory operations! should Assign and test the NOT gate evaluation" time="0.031">
                      
                    </testcase><testcase classname="LanguageTest" name="My first language for set theory operations! should Assign and test the OR gate evaluation" time="0.016">
                      
                    </testcase><testcase classname="LanguageTest" name="My first language for set theory operations! should Assign and test the AND gate evaluation" time="0.0">
                      
                    </testcase><testcase classname="LanguageTest" name="My first language for set theory operations! should Assign and test the NOR gate evaluation" time="0.0">
                      
                    </testcase><testcase classname="LanguageTest" name="My first language for set theory operations! should Assign and test the NAND gate evaluation" time="0.0">
                      
                    </testcase><testcase classname="LanguageTest" name="My first language for set theory operations! should Assign and test the XOR gate evaluation" time="0.0">
                      
                    </testcase><testcase classname="LanguageTest" name="My first language for set theory operations! should Assign and test the XNOR gate evaluation" time="0.0">
                      
                    </testcase><testcase classname="LanguageTest" name="My first language for set theory operations! should abide by the De Morgan's law" time="0.011">
                      
                    </testcase><testcase classname="LanguageTest" name="My first language for set theory operations! should create a logic gate named logicGate3" time="0.005">
                      
                    </testcase><testcase classname="LanguageTest" name="My first language for set theory operations! should change a gate bound to name LogicGate4" time="0.0">
                      
                    </testcase><testcase classname="LanguageTest" name="My first language for set theory operations! should create inputs for logicGate5" time="0.0">
                      
                    </testcase><testcase classname="LanguageTest" name="My first language for set theory operations! should obey the ShefferStroke's axiom" time="0.0">
                      
                    </testcase><testcase classname="LanguageTest" name="My first language for set theory operations! should obey the Edward Vermilye Huntington's axiom" time="0.0">
                      
                    </testcase><testcase classname="LanguageTest" name="My first language for set theory operations! should obey the Meredith's ShefferStroke axiom" time="0.0">
                      
                    </testcase><testcase classname="LanguageTest" name="My first language for set theory operations! should obey the 1-basis axiom" time="0.0">
                      
                    </testcase><testcase classname="LanguageTest" name="My first language for set theory operations! should throw an error for an Undefined Logic Gate being evaluated" time="0.0">
                      
                    </testcase><testcase classname="LanguageTest" name="My first language for set theory operations! should throw an error for assigning an Input outside Scope of some defined LogicGate" time="0.0">
                      
                    </testcase><testcase classname="LanguageTest" name="My first language for set theory operations! should create a class named Class1" time="0.015">
                      
                    </testcase><testcase classname="LanguageTest" name="My first language for set theory operations! should set fields (X,Y) and method(m1,m2) of Class2 as Public" time="0.0">
                      
                    </testcase><testcase classname="LanguageTest" name="My first language for set theory operations! should create an object named c1 of Class3 and invoke constructor to assign new field values" time="0.016">
                      
                    </testcase><testcase classname="LanguageTest" name="My first language for set theory operations! should Invoke method m1 of object c1 and return last expression value = param x's value passed" time="0.0">
                      
                    </testcase><testcase classname="LanguageTest" name="My first language for set theory operations! should Invoke field public X, protected Y and throw error on invoking field private Z of object c1" time="0.0">
                      
                    </testcase><testcase classname="LanguageTest" name="My first language for set theory operations! should extend parentClass and call method in parentClass from childclass object" time="0.0">
                      
                    </testcase><testcase classname="LanguageTest" name="My first language for set theory operations! should call method in parentClass's parentClass A from object of class C" time="0.0">
                      
                    </testcase><testcase classname="LanguageTest" name="My first language for set theory operations! should access field of parent class in function of childclass" time="0.0">
                      
                    </testcase><testcase classname="LanguageTest" name="My first language for set theory operations! should call overrided function of child class when object of parent class is assigned to object of child class" time="0.016">
                      
                    </testcase><testcase classname="LanguageTest" name="My first language for set theory operations! should call obj1 function method when obj2  is substituted with obj1" time="0.0">
                      
                    </testcase><testcase classname="LanguageTest" name="My first language for set theory operations! should create an abstract class named absClass1" time="0.0">
                      
                    </testcase><testcase classname="LanguageTest" name="My first language for set theory operations! should throw an error for defining an abstract class without any abstract method" time="0.0">
                      
                    </testcase><testcase classname="LanguageTest" name="My first language for set theory operations! should extend abstract Class absClass2 from a concrete class absChildClass2, call method in absClass2 , call overridden abstract method of absClass2, Invoke Filed Y from absChildClass2 object" time="0.0">
                      
                    </testcase><testcase classname="LanguageTest" name="My first language for set theory operations! should extend an abstract class absClass4 from abstract class absClass3, extend a concrete class absChildClass 4 from absClass 4, invoke abstract methods from absChildClass object" time="0.015">
                      
                    </testcase><testcase classname="LanguageTest" name="My first language for set theory operations! should create an interface class named myInterface1" time="0.0">
                      
                    </testcase><testcase classname="LanguageTest" name="My first language for set theory operations! should throw an error for implementing an interface without overriding all its functions" time="0.0">
                      
                    </testcase><testcase classname="LanguageTest" name="My first language for set theory operations! should throw an error for implementing an interface by another interface, extending a class from an interface, extending an interface from a class" time="0.016">
                      
                    </testcase><testcase classname="LanguageTest" name="My first language for set theory operations! should call overridden methods of interface myInterface4 and its super interface myInterface5 from object of class iClass3 that implements myInterface4" time="0.0">
                      
                    </testcase><testcase classname="LanguageTest" name="My first language for set theory operations! should Invoke Interface constant field from class object that implements Interface if that field does not exist in the class" time="0.0">
                      
                    </testcase><testcase classname="LanguageTest" name="My first language for set theory operations! should call overridden abstract method f3 in base class that extends an abstract class which inturn implements an interface" time="0.0">
                      
                    </testcase><testcase classname="LanguageTest" name="My first language for set theory operations! should throw an error when trying to implement an interface by another interface" time="0.0">
                      
                    </testcase><testcase classname="LanguageTest" name="My first language for set theory operations! should throw an error if cyclic inheritance exists" time="0.0">
                      
                    </testcase><testcase classname="LanguageTest" name="My first language for set theory operations! should implement two or more different interfaces that declare methods with exactly the same signatures by a concrete class" time="0.015">
                      
                    </testcase><testcase classname="LanguageTest" name="My first language for set theory operations! should allow an abstract class that inherit from another abstract class and implement interfaces where all interfaces and the abstract class have methods with the same signatures" time="0.002">
                      
                    </testcase><testcase classname="LanguageTest" name="My first language for set theory operations! should allow an abstract class to inherit from a concrete class" time="0.0">
                      
                    </testcase><testcase classname="LanguageTest" name="My first language for set theory operations! should check condition for IF and run the thenClause" time="0.0">
                      
                    </testcase><testcase classname="LanguageTest" name="My first language for set theory operations! should check condition for IF and run the elseClause" time="0.014">
                      
                    </testcase><testcase classname="LanguageTest" name="My first language for set theory operations! should create an exception class and Handle exception construct with only its try block running" time="0.0">
                      
                    </testcase><testcase classname="LanguageTest" name="My first language for set theory operations! should throw an error for handling an exception of a non-existing exception class" time="0.0">
                      
                    </testcase><testcase classname="LanguageTest" name="My first language for set theory operations! should Handle an exception with error thrown in the try block, reason printed, and catch block executed" time="0.0">
                      
                    </testcase><testcase classname="LanguageTest" name="My first language for set theory operations! should handle nested try and catch blocks and run catch block for ExceptionClass4" time="0.016">
                      
                    </testcase><testcase classname="LanguageTest" name="My first language for set theory operations! should partially evaluate a simple expression if no inputs are given" time="0.0">
                      
                    </testcase><testcase classname="LanguageTest" name="My first language for set theory operations! should completely evaluate a partially evaluated simple expression when all its inputs are provided" time="0.0">
                      
                    </testcase><testcase classname="LanguageTest" name="My first language for set theory operations! should completely evaluate a partially evaluated complex expression when all its inputs are provided" time="0.0">
                      
                    </testcase><testcase classname="LanguageTest" name="My first language for set theory operations! should use monadic function MAP() to simplify a given expression" time="0.0">
                      
                    </testcase><testcase classname="LanguageTest" name="My first language for set theory operations! should use monadic function MAP() to simplify a very complex expression" time="0.0">
                      
                    </testcase><testcase classname="LanguageTest" name="My first language for set theory operations! should partially evaluate an IF block in the case the condition passed to the IF block partially evaluates" time="0.0">
                      
                    </testcase><testcase classname="LanguageTest" name="My first language for set theory operations! should completely evaluate a partially evaluated IF expression when all its condition are provided" time="0.0">
                      
                    </testcase><testcase classname="LanguageTest" name="My first language for set theory operations! should throw an exception if TestGate is used to compare evaluation of some logicgate to a boolean value, which can only be evaluated partially" time="0.0">
                      
                    </testcase>
          <system-out><![CDATA[]]></system-out>
          <system-err><![CDATA[]]></system-err>
        </testsuite>